[debug] [2023-01-03T09:59:10.736Z] ----------------------------------------------------------------------
[debug] [2023-01-03T09:59:10.738Z] Command:       C:\Program Files\nodejs\node.exe C:\Program Files\nodejs\node_modules\firebase-tools\lib\bin\firebase.js init
[debug] [2023-01-03T09:59:10.739Z] CLI Version:   11.19.0
[debug] [2023-01-03T09:59:10.739Z] Platform:      win32
[debug] [2023-01-03T09:59:10.739Z] Node Version:  v16.15.1
[debug] [2023-01-03T09:59:10.740Z] Time:          Tue Jan 03 2023 18:59:10 GMT+0900 (대한민국 표준시)
[debug] [2023-01-03T09:59:10.741Z] ----------------------------------------------------------------------
[debug] 
[debug] [2023-01-03T09:59:10.829Z] > command requires scopes: ["email","openid","https://www.googleapis.com/auth/cloudplatformprojects.readonly","https://www.googleapis.com/auth/firebase","https://www.googleapis.com/auth/cloud-platform"]
[debug] [2023-01-03T09:59:10.830Z] > authorizing via signed-in user (ducks1077@gmail.com)
[info] 
     ######## #### ########  ######## ########     ###     ######  ########
     ##        ##  ##     ## ##       ##     ##  ##   ##  ##       ##
     ######    ##  ########  ######   ########  #########  ######  ######
     ##        ##  ##    ##  ##       ##     ## ##     ##       ## ##
     ##       #### ##     ## ######## ########  ##     ##  ######  ########

You're about to initialize a Firebase project in this directory:

  C:\Users\ducks

Before we get started, keep in mind:

  * You are initializing within an existing Firebase project directory

[info] 
=== Project Setup
[info] 
[info] First, let's associate this project directory with a Firebase project.
[info] You can create multiple project aliases by running firebase use --add, 
[info] but for now we'll just set up a default project.
[info] 
[debug] [2023-01-03T09:59:17.999Z] Using project from CLI flag: younycblog
[debug] [2023-01-03T09:59:18.001Z] > refreshing access token with scopes: []
[debug] [2023-01-03T09:59:18.003Z] >>> [apiv2][query] POST https://www.googleapis.com/oauth2/v3/token [none]
[debug] [2023-01-03T09:59:18.004Z] >>> [apiv2][body] POST https://www.googleapis.com/oauth2/v3/token [omitted]
[debug] [2023-01-03T09:59:18.214Z] <<< [apiv2][status] POST https://www.googleapis.com/oauth2/v3/token 400
[debug] [2023-01-03T09:59:18.214Z] <<< [apiv2][body] POST https://www.googleapis.com/oauth2/v3/token [omitted]
[debug] [2023-01-03T09:59:18.215Z] >>> [apiv2][query] GET https://firebase.googleapis.com/v1beta1/projects/younycblog [none]
[debug] [2023-01-03T09:59:18.374Z] <<< [apiv2][status] GET https://firebase.googleapis.com/v1beta1/projects/younycblog 401
[debug] [2023-01-03T09:59:18.375Z] <<< [apiv2][body] GET https://firebase.googleapis.com/v1beta1/projects/younycblog {"error":{"code":401,"message":"Request had invalid authentication credentials. Expected OAuth 2 access token, login cookie or other valid authentication credential. See https://developers.google.com/identity/sign-in/web/devconsole-project.","status":"UNAUTHENTICATED"}}
[debug] [2023-01-03T09:59:18.375Z] HTTP Error: 401, Request had invalid authentication credentials. Expected OAuth 2 access token, login cookie or other valid authentication credential. See https://developers.google.com/identity/sign-in/web/devconsole-project.
[debug] [2023-01-03T09:59:18.535Z] FirebaseError: HTTP Error: 401, Request had invalid authentication credentials. Expected OAuth 2 access token, login cookie or other valid authentication credential. See https://developers.google.com/identity/sign-in/web/devconsole-project.
    at responseToError (C:\Users\ducks\AppData\Roaming\nvm\v16.15.1\node_modules\firebase-tools\lib\responseToError.js:49:12)
    at RetryOperation._fn (C:\Users\ducks\AppData\Roaming\nvm\v16.15.1\node_modules\firebase-tools\lib\apiv2.js:288:77)
    at processTicksAndRejections (node:internal/process/task_queues:96:5)
[error] 
[error] Error: Failed to get Firebase project younycblog. Please make sure the project exists and your account has permission to access it.
[debug] [2023-01-03T09:59:25.405Z] ----------------------------------------------------------------------
[debug] [2023-01-03T09:59:25.407Z] Command:       C:\Program Files\nodejs\node.exe C:\Program Files\nodejs\node_modules\firebase-tools\lib\bin\firebase.js init
[debug] [2023-01-03T09:59:25.408Z] CLI Version:   11.19.0
[debug] [2023-01-03T09:59:25.408Z] Platform:      win32
[debug] [2023-01-03T09:59:25.408Z] Node Version:  v16.15.1
[debug] [2023-01-03T09:59:25.410Z] Time:          Tue Jan 03 2023 18:59:25 GMT+0900 (대한민국 표준시)
[debug] [2023-01-03T09:59:25.410Z] ----------------------------------------------------------------------
[debug] 
[debug] [2023-01-03T09:59:25.513Z] > command requires scopes: ["email","openid","https://www.googleapis.com/auth/cloudplatformprojects.readonly","https://www.googleapis.com/auth/firebase","https://www.googleapis.com/auth/cloud-platform"]
[debug] [2023-01-03T09:59:25.514Z] > authorizing via signed-in user (ducks1077@gmail.com)
[info] 
     ######## #### ########  ######## ########     ###     ######  ########
     ##        ##  ##     ## ##       ##     ##  ##   ##  ##       ##
     ######    ##  ########  ######   ########  #########  ######  ######
     ##        ##  ##    ##  ##       ##     ## ##     ##       ## ##
     ##       #### ##     ## ######## ########  ##     ##  ######  ########

You're about to initialize a Firebase project in this directory:

  C:\Users\ducks

Before we get started, keep in mind:

  * You are initializing within an existing Firebase project directory

[info] 
=== Project Setup
[info] 
[info] First, let's associate this project directory with a Firebase project.
[info] You can create multiple project aliases by running firebase use --add, 
[info] but for now we'll just set up a default project.
[info] 
[debug] [2023-01-03T09:59:30.975Z] Using project from CLI flag: younycblog
[debug] [2023-01-03T09:59:30.977Z] > refreshing access token with scopes: []
[debug] [2023-01-03T09:59:30.979Z] >>> [apiv2][query] POST https://www.googleapis.com/oauth2/v3/token [none]
[debug] [2023-01-03T09:59:30.980Z] >>> [apiv2][body] POST https://www.googleapis.com/oauth2/v3/token [omitted]
[debug] [2023-01-03T09:59:31.183Z] <<< [apiv2][status] POST https://www.googleapis.com/oauth2/v3/token 400
[debug] [2023-01-03T09:59:31.183Z] <<< [apiv2][body] POST https://www.googleapis.com/oauth2/v3/token [omitted]
[debug] [2023-01-03T09:59:31.184Z] >>> [apiv2][query] GET https://firebase.googleapis.com/v1beta1/projects/younycblog [none]
[debug] [2023-01-03T09:59:31.414Z] <<< [apiv2][status] GET https://firebase.googleapis.com/v1beta1/projects/younycblog 401
[debug] [2023-01-03T09:59:31.414Z] <<< [apiv2][body] GET https://firebase.googleapis.com/v1beta1/projects/younycblog {"error":{"code":401,"message":"Request had invalid authentication credentials. Expected OAuth 2 access token, login cookie or other valid authentication credential. See https://developers.google.com/identity/sign-in/web/devconsole-project.","status":"UNAUTHENTICATED"}}
[debug] [2023-01-03T09:59:31.415Z] HTTP Error: 401, Request had invalid authentication credentials. Expected OAuth 2 access token, login cookie or other valid authentication credential. See https://developers.google.com/identity/sign-in/web/devconsole-project.
[debug] [2023-01-03T09:59:31.578Z] FirebaseError: HTTP Error: 401, Request had invalid authentication credentials. Expected OAuth 2 access token, login cookie or other valid authentication credential. See https://developers.google.com/identity/sign-in/web/devconsole-project.
    at responseToError (C:\Users\ducks\AppData\Roaming\nvm\v16.15.1\node_modules\firebase-tools\lib\responseToError.js:49:12)
    at RetryOperation._fn (C:\Users\ducks\AppData\Roaming\nvm\v16.15.1\node_modules\firebase-tools\lib\apiv2.js:288:77)
    at processTicksAndRejections (node:internal/process/task_queues:96:5)
[error] 
[error] Error: Failed to get Firebase project younycblog. Please make sure the project exists and your account has permission to access it.
[debug] [2023-01-03T09:59:46.849Z] ----------------------------------------------------------------------
[debug] [2023-01-03T09:59:46.852Z] Command:       C:\Program Files\nodejs\node.exe C:\Program Files\nodejs\node_modules\firebase-tools\lib\bin\firebase.js deploy
[debug] [2023-01-03T09:59:46.853Z] CLI Version:   11.19.0
[debug] [2023-01-03T09:59:46.853Z] Platform:      win32
[debug] [2023-01-03T09:59:46.853Z] Node Version:  v16.15.1
[debug] [2023-01-03T09:59:46.855Z] Time:          Tue Jan 03 2023 18:59:46 GMT+0900 (대한민국 표준시)
[debug] [2023-01-03T09:59:46.856Z] ----------------------------------------------------------------------
[debug] 
[debug] [2023-01-03T09:59:46.948Z] > command requires scopes: ["email","openid","https://www.googleapis.com/auth/cloudplatformprojects.readonly","https://www.googleapis.com/auth/firebase","https://www.googleapis.com/auth/cloud-platform"]
[debug] [2023-01-03T09:59:46.948Z] > authorizing via signed-in user (ducks1077@gmail.com)
[debug] [2023-01-03T09:59:46.948Z] [iam] checking project younycblog for permissions ["firebase.projects.get","firebasehosting.sites.update"]
[debug] [2023-01-03T09:59:46.951Z] > refreshing access token with scopes: []
[debug] [2023-01-03T09:59:46.953Z] >>> [apiv2][query] POST https://www.googleapis.com/oauth2/v3/token [none]
[debug] [2023-01-03T09:59:46.953Z] >>> [apiv2][body] POST https://www.googleapis.com/oauth2/v3/token [omitted]
[debug] [2023-01-03T09:59:47.154Z] <<< [apiv2][status] POST https://www.googleapis.com/oauth2/v3/token 400
[debug] [2023-01-03T09:59:47.154Z] <<< [apiv2][body] POST https://www.googleapis.com/oauth2/v3/token [omitted]
[debug] [2023-01-03T09:59:47.155Z] >>> [apiv2][query] POST https://cloudresourcemanager.googleapis.com/v1/projects/younycblog:testIamPermissions [none]
[debug] [2023-01-03T09:59:47.155Z] >>> [apiv2][(partial)header] POST https://cloudresourcemanager.googleapis.com/v1/projects/younycblog:testIamPermissions x-goog-quota-user=projects/younycblog
[debug] [2023-01-03T09:59:47.155Z] >>> [apiv2][body] POST https://cloudresourcemanager.googleapis.com/v1/projects/younycblog:testIamPermissions {"permissions":["firebase.projects.get","firebasehosting.sites.update"]}
[debug] [2023-01-03T09:59:47.950Z] <<< [apiv2][status] POST https://cloudresourcemanager.googleapis.com/v1/projects/younycblog:testIamPermissions 401
[debug] [2023-01-03T09:59:47.950Z] <<< [apiv2][body] POST https://cloudresourcemanager.googleapis.com/v1/projects/younycblog:testIamPermissions {"error":{"code":401,"message":"Request had invalid authentication credentials. Expected OAuth 2 access token, login cookie or other valid authentication credential. See https://developers.google.com/identity/sign-in/web/devconsole-project.","status":"UNAUTHENTICATED","details":[{"@type":"type.googleapis.com/google.rpc.ErrorInfo","reason":"ACCESS_TOKEN_TYPE_UNSUPPORTED","metadata":{"service":"cloudresourcemanager.googleapis.com","method":"google.cloudresourcemanager.v1.Projects.TestIamPermissions"}}]}}
[debug] [2023-01-03T09:59:47.951Z] [iam] error while checking permissions, command may fail: FirebaseError: HTTP Error: 401, Request had invalid authentication credentials. Expected OAuth 2 access token, login cookie or other valid authentication credential. See https://developers.google.com/identity/sign-in/web/devconsole-project.
[debug] [2023-01-03T09:59:47.952Z] > refreshing access token with scopes: []
[debug] [2023-01-03T09:59:47.952Z] >>> [apiv2][query] POST https://www.googleapis.com/oauth2/v3/token [none]
[debug] [2023-01-03T09:59:47.953Z] >>> [apiv2][body] POST https://www.googleapis.com/oauth2/v3/token [omitted]
[debug] [2023-01-03T09:59:48.165Z] <<< [apiv2][status] POST https://www.googleapis.com/oauth2/v3/token 400
[debug] [2023-01-03T09:59:48.165Z] <<< [apiv2][body] POST https://www.googleapis.com/oauth2/v3/token [omitted]
[debug] [2023-01-03T09:59:48.166Z] >>> [apiv2][query] GET https://firebase.googleapis.com/v1beta1/projects/younycblog [none]
[debug] [2023-01-03T09:59:48.339Z] <<< [apiv2][status] GET https://firebase.googleapis.com/v1beta1/projects/younycblog 401
[debug] [2023-01-03T09:59:48.339Z] <<< [apiv2][body] GET https://firebase.googleapis.com/v1beta1/projects/younycblog {"error":{"code":401,"message":"Request had invalid authentication credentials. Expected OAuth 2 access token, login cookie or other valid authentication credential. See https://developers.google.com/identity/sign-in/web/devconsole-project.","status":"UNAUTHENTICATED"}}
[debug] [2023-01-03T09:59:48.340Z] HTTP Error: 401, Request had invalid authentication credentials. Expected OAuth 2 access token, login cookie or other valid authentication credential. See https://developers.google.com/identity/sign-in/web/devconsole-project.
[debug] [2023-01-03T09:59:48.504Z] FirebaseError: HTTP Error: 401, Request had invalid authentication credentials. Expected OAuth 2 access token, login cookie or other valid authentication credential. See https://developers.google.com/identity/sign-in/web/devconsole-project.
    at responseToError (C:\Users\ducks\AppData\Roaming\nvm\v16.15.1\node_modules\firebase-tools\lib\responseToError.js:49:12)
    at RetryOperation._fn (C:\Users\ducks\AppData\Roaming\nvm\v16.15.1\node_modules\firebase-tools\lib\apiv2.js:288:77)
    at processTicksAndRejections (node:internal/process/task_queues:96:5)
[error] 
[error] Error: Failed to get Firebase project younycblog. Please make sure the project exists and your account has permission to access it.
